<?xml version="1.0" encoding="UTF-8"?>
<coverage generated="1647969989677" clover="3.2.0">
  <project timestamp="1647969989677" name="All files">
    <metrics statements="196" coveredstatements="109" conditionals="29" coveredconditionals="9" methods="55" coveredmethods="26" elements="280" coveredelements="144" complexity="0" loc="196" ncloc="196" packages="10" files="17" classes="17"/>
    <package name="src">
      <metrics statements="42" coveredstatements="13" conditionals="17" coveredconditionals="2" methods="9" coveredmethods="4"/>
      <file name="axios.js" path="/Users/mikolajdeja/Coding/Projects/PycharmProjects/MineSweepers-Major-Group-Project/frontend/src/axios.js">
        <metrics statements="30" coveredstatements="7" conditionals="17" coveredconditionals="2" methods="4" coveredmethods="1"/>
        <line num="7" count="6" type="stmt"/>
        <line num="9" count="6" type="stmt"/>
        <line num="27" count="6" type="stmt"/>
        <line num="29" count="0" type="stmt"/>
        <line num="32" count="1" type="stmt"/>
        <line num="35" count="1" type="cond" truecount="1" falsecount="1"/>
        <line num="36" count="1" type="stmt"/>
        <line num="41" count="1" type="stmt"/>
        <line num="45" count="0" type="cond" truecount="0" falsecount="2"/>
        <line num="49" count="0" type="stmt"/>
        <line num="50" count="0" type="stmt"/>
        <line num="53" count="0" type="cond" truecount="0" falsecount="2"/>
        <line num="58" count="0" type="stmt"/>
        <line num="60" count="0" type="cond" truecount="0" falsecount="2"/>
        <line num="61" count="0" type="stmt"/>
        <line num="64" count="0" type="stmt"/>
        <line num="65" count="0" type="stmt"/>
        <line num="70" count="0" type="cond" truecount="0" falsecount="2"/>
        <line num="71" count="0" type="stmt"/>
        <line num="74" count="0" type="stmt"/>
        <line num="75" count="0" type="stmt"/>
        <line num="77" count="0" type="stmt"/>
        <line num="79" count="0" type="stmt"/>
        <line num="82" count="0" type="stmt"/>
        <line num="85" count="0" type="stmt"/>
        <line num="88" count="0" type="stmt"/>
        <line num="89" count="0" type="stmt"/>
        <line num="92" count="0" type="stmt"/>
        <line num="93" count="0" type="stmt"/>
        <line num="98" count="0" type="stmt"/>
      </file>
      <file name="helpers.js" path="/Users/mikolajdeja/Coding/Projects/PycharmProjects/MineSweepers-Major-Group-Project/frontend/src/helpers.js">
        <metrics statements="12" coveredstatements="6" conditionals="0" coveredconditionals="0" methods="5" coveredmethods="3"/>
        <line num="6" count="6" type="stmt"/>
        <line num="8" count="3" type="stmt"/>
        <line num="9" count="3" type="stmt"/>
        <line num="10" count="0" type="stmt"/>
        <line num="11" count="0" type="stmt"/>
        <line num="12" count="0" type="stmt"/>
        <line num="13" count="0" type="stmt"/>
        <line num="15" count="0" type="stmt"/>
        <line num="16" count="0" type="stmt"/>
        <line num="20" count="3" type="stmt"/>
        <line num="21" count="3" type="stmt"/>
        <line num="24" count="3" type="stmt"/>
      </file>
    </package>
    <package name="src.components.ClubRecommendations">
      <metrics statements="14" coveredstatements="6" conditionals="2" coveredconditionals="1" methods="7" coveredmethods="1"/>
      <file name="ClubRecommendationsPage.js" path="/Users/mikolajdeja/Coding/Projects/PycharmProjects/MineSweepers-Major-Group-Project/frontend/src/components/ClubRecommendations/ClubRecommendationsPage.js">
        <metrics statements="13" coveredstatements="5" conditionals="2" coveredconditionals="1" methods="7" coveredmethods="1"/>
        <line num="11" count="1" type="stmt"/>
        <line num="12" count="2" type="stmt"/>
        <line num="13" count="1" type="cond" truecount="1" falsecount="1"/>
        <line num="14" count="0" type="stmt"/>
        <line num="17" count="1" type="stmt"/>
        <line num="20" count="0" type="stmt"/>
        <line num="23" count="0" type="stmt"/>
        <line num="26" count="0" type="stmt"/>
        <line num="27" count="0" type="stmt"/>
        <line num="30" count="0" type="stmt"/>
        <line num="34" count="0" type="stmt"/>
        <line num="38" count="1" type="stmt"/>
        <line num="54" count="0" type="stmt"/>
      </file>
      <file name="RecommenderPageElements.js" path="/Users/mikolajdeja/Coding/Projects/PycharmProjects/MineSweepers-Major-Group-Project/frontend/src/components/ClubRecommendations/RecommenderPageElements.js">
        <metrics statements="1" coveredstatements="1" conditionals="0" coveredconditionals="0" methods="0" coveredmethods="0"/>
        <line num="3" count="1" type="stmt"/>
      </file>
    </package>
    <package name="src.components.CreateClub">
      <metrics statements="19" coveredstatements="16" conditionals="0" coveredconditionals="0" methods="4" coveredmethods="3"/>
      <file name="CreateClub.js" path="/Users/mikolajdeja/Coding/Projects/PycharmProjects/MineSweepers-Major-Group-Project/frontend/src/components/CreateClub/CreateClub.js">
        <metrics statements="13" coveredstatements="10" conditionals="0" coveredconditionals="0" methods="4" coveredmethods="3"/>
        <line num="8" count="61" type="stmt"/>
        <line num="9" count="60" type="stmt"/>
        <line num="16" count="60" type="stmt"/>
        <line num="18" count="60" type="stmt"/>
        <line num="19" count="57" type="stmt"/>
        <line num="25" count="60" type="stmt"/>
        <line num="26" count="2" type="stmt"/>
        <line num="27" count="2" type="stmt"/>
        <line num="29" count="2" type="stmt"/>
        <line num="37" count="0" type="stmt"/>
        <line num="38" count="0" type="stmt"/>
        <line num="39" count="0" type="stmt"/>
        <line num="44" count="60" type="stmt"/>
      </file>
      <file name="CreateClubElements.js" path="/Users/mikolajdeja/Coding/Projects/PycharmProjects/MineSweepers-Major-Group-Project/frontend/src/components/CreateClub/CreateClubElements.js">
        <metrics statements="6" coveredstatements="6" conditionals="0" coveredconditionals="0" methods="0" coveredmethods="0"/>
        <line num="3" count="2" type="stmt"/>
        <line num="12" count="2" type="stmt"/>
        <line num="20" count="2" type="stmt"/>
        <line num="27" count="2" type="stmt"/>
        <line num="35" count="2" type="stmt"/>
        <line num="43" count="2" type="stmt"/>
      </file>
    </package>
    <package name="src.components.Login">
      <metrics statements="36" coveredstatements="23" conditionals="4" coveredconditionals="3" methods="7" coveredmethods="6"/>
      <file name="Login.js" path="/Users/mikolajdeja/Coding/Projects/PycharmProjects/MineSweepers-Major-Group-Project/frontend/src/components/Login/Login.js">
        <metrics statements="32" coveredstatements="19" conditionals="4" coveredconditionals="3" methods="7" coveredmethods="6"/>
        <line num="13" count="76" type="stmt"/>
        <line num="15" count="75" type="stmt"/>
        <line num="16" count="75" type="stmt"/>
        <line num="17" count="75" type="cond" truecount="2" falsecount="0"/>
        <line num="19" count="75" type="stmt"/>
        <line num="20" count="75" type="stmt"/>
        <line num="22" count="75" type="stmt"/>
        <line num="23" count="75" type="stmt"/>
        <line num="24" count="75" type="stmt"/>
        <line num="26" count="75" type="stmt"/>
        <line num="27" count="3" type="stmt"/>
        <line num="30" count="75" type="stmt"/>
        <line num="31" count="39" type="stmt"/>
        <line num="34" count="75" type="stmt"/>
        <line num="35" count="2" type="stmt"/>
        <line num="37" count="2" type="stmt"/>
        <line num="43" count="0" type="stmt"/>
        <line num="44" count="0" type="stmt"/>
        <line num="45" count="0" type="stmt"/>
        <line num="46" count="0" type="stmt"/>
        <line num="47" count="0" type="stmt"/>
        <line num="48" count="0" type="stmt"/>
        <line num="50" count="0" type="stmt"/>
        <line num="51" count="0" type="stmt"/>
        <line num="52" count="0" type="stmt"/>
        <line num="53" count="0" type="stmt"/>
        <line num="54" count="0" type="stmt"/>
        <line num="55" count="0" type="stmt"/>
        <line num="56" count="0" type="stmt"/>
        <line num="60" count="75" type="stmt"/>
        <line num="85" count="14" type="stmt"/>
        <line num="98" count="22" type="stmt"/>
      </file>
      <file name="LoginElements.js" path="/Users/mikolajdeja/Coding/Projects/PycharmProjects/MineSweepers-Major-Group-Project/frontend/src/components/Login/LoginElements.js">
        <metrics statements="4" coveredstatements="4" conditionals="0" coveredconditionals="0" methods="0" coveredmethods="0"/>
        <line num="4" count="2" type="stmt"/>
        <line num="12" count="2" type="stmt"/>
        <line num="19" count="2" type="stmt"/>
        <line num="27" count="2" type="stmt"/>
      </file>
    </package>
    <package name="src.components.Meetings">
      <metrics statements="20" coveredstatements="9" conditionals="4" coveredconditionals="2" methods="8" coveredmethods="3"/>
      <file name="Meetings.js" path="/Users/mikolajdeja/Coding/Projects/PycharmProjects/MineSweepers-Major-Group-Project/frontend/src/components/Meetings/Meetings.js">
        <metrics statements="20" coveredstatements="9" conditionals="4" coveredconditionals="2" methods="8" coveredmethods="3"/>
        <line num="9" count="2" type="stmt"/>
        <line num="10" count="1" type="stmt"/>
        <line num="12" count="1" type="stmt"/>
        <line num="13" count="1" type="stmt"/>
        <line num="16" count="1" type="stmt"/>
        <line num="17" count="1" type="stmt"/>
        <line num="20" count="0" type="stmt"/>
        <line num="24" count="1" type="stmt"/>
        <line num="25" count="0" type="stmt"/>
        <line num="26" count="0" type="stmt"/>
        <line num="30" count="0" type="stmt"/>
        <line num="31" count="0" type="stmt"/>
        <line num="32" count="0" type="stmt"/>
        <line num="33" count="0" type="stmt"/>
        <line num="34" count="0" type="stmt"/>
        <line num="35" count="0" type="stmt"/>
        <line num="39" count="1" type="cond" truecount="2" falsecount="2"/>
        <line num="40" count="0" type="stmt"/>
        <line num="54" count="0" type="stmt"/>
        <line num="67" count="1" type="stmt"/>
      </file>
    </package>
    <package name="src.components.Nav">
      <metrics statements="9" coveredstatements="8" conditionals="0" coveredconditionals="0" methods="3" coveredmethods="2"/>
      <file name="Nav.js" path="/Users/mikolajdeja/Coding/Projects/PycharmProjects/MineSweepers-Major-Group-Project/frontend/src/components/Nav/Nav.js">
        <metrics statements="5" coveredstatements="4" conditionals="0" coveredconditionals="0" methods="3" coveredmethods="2"/>
        <line num="19" count="2" type="stmt"/>
        <line num="20" count="1" type="stmt"/>
        <line num="23" count="1" type="stmt"/>
        <line num="27" count="0" type="stmt"/>
        <line num="33" count="1" type="stmt"/>
      </file>
      <file name="NavElements.js" path="/Users/mikolajdeja/Coding/Projects/PycharmProjects/MineSweepers-Major-Group-Project/frontend/src/components/Nav/NavElements.js">
        <metrics statements="4" coveredstatements="4" conditionals="0" coveredconditionals="0" methods="0" coveredmethods="0"/>
        <line num="3" count="1" type="stmt"/>
        <line num="15" count="1" type="stmt"/>
        <line num="21" count="1" type="stmt"/>
        <line num="27" count="1" type="stmt"/>
      </file>
    </package>
    <package name="src.components.Scheduling">
      <metrics statements="32" coveredstatements="18" conditionals="2" coveredconditionals="1" methods="10" coveredmethods="3"/>
      <file name="Scheduling.js" path="/Users/mikolajdeja/Coding/Projects/PycharmProjects/MineSweepers-Major-Group-Project/frontend/src/components/Scheduling/Scheduling.js">
        <metrics statements="27" coveredstatements="13" conditionals="2" coveredconditionals="1" methods="10" coveredmethods="3"/>
        <line num="9" count="2" type="stmt"/>
        <line num="10" count="1" type="stmt"/>
        <line num="11" count="1" type="stmt"/>
        <line num="13" count="1" type="stmt"/>
        <line num="14" count="1" type="stmt"/>
        <line num="17" count="1" type="stmt"/>
        <line num="18" count="1" type="stmt"/>
        <line num="21" count="0" type="stmt"/>
        <line num="24" count="0" type="stmt"/>
        <line num="25" count="0" type="stmt"/>
        <line num="26" count="0" type="stmt"/>
        <line num="27" count="0" type="stmt"/>
        <line num="29" count="0" type="stmt"/>
        <line num="34" count="1" type="stmt"/>
        <line num="43" count="1" type="stmt"/>
        <line num="45" count="1" type="stmt"/>
        <line num="46" count="0" type="stmt"/>
        <line num="52" count="1" type="stmt"/>
        <line num="53" count="0" type="stmt"/>
        <line num="54" count="0" type="stmt"/>
        <line num="57" count="0" type="stmt"/>
        <line num="70" count="0" type="stmt"/>
        <line num="84" count="1" type="cond" truecount="1" falsecount="1"/>
        <line num="85" count="0" type="stmt"/>
        <line num="130" count="0" type="stmt"/>
        <line num="135" count="0" type="stmt"/>
        <line num="199" count="1" type="stmt"/>
      </file>
      <file name="SchedulingElements.js" path="/Users/mikolajdeja/Coding/Projects/PycharmProjects/MineSweepers-Major-Group-Project/frontend/src/components/Scheduling/SchedulingElements.js">
        <metrics statements="5" coveredstatements="5" conditionals="0" coveredconditionals="0" methods="0" coveredmethods="0"/>
        <line num="3" count="1" type="stmt"/>
        <line num="12" count="1" type="stmt"/>
        <line num="20" count="1" type="stmt"/>
        <line num="27" count="1" type="stmt"/>
        <line num="35" count="1" type="stmt"/>
      </file>
    </package>
    <package name="src.components.SignUp">
      <metrics statements="15" coveredstatements="12" conditionals="0" coveredconditionals="0" methods="4" coveredmethods="3"/>
      <file name="SignUp.js" path="/Users/mikolajdeja/Coding/Projects/PycharmProjects/MineSweepers-Major-Group-Project/frontend/src/components/SignUp/SignUp.js">
        <metrics statements="13" coveredstatements="10" conditionals="0" coveredconditionals="0" methods="4" coveredmethods="3"/>
        <line num="11" count="76" type="stmt"/>
        <line num="13" count="76" type="stmt"/>
        <line num="24" count="76" type="stmt"/>
        <line num="26" count="76" type="stmt"/>
        <line num="27" count="74" type="stmt"/>
        <line num="33" count="76" type="stmt"/>
        <line num="34" count="1" type="stmt"/>
        <line num="35" count="1" type="stmt"/>
        <line num="37" count="1" type="stmt"/>
        <line num="51" count="0" type="stmt"/>
        <line num="52" count="0" type="stmt"/>
        <line num="53" count="0" type="stmt"/>
        <line num="59" count="76" type="stmt"/>
      </file>
      <file name="SignUpStyle.js" path="/Users/mikolajdeja/Coding/Projects/PycharmProjects/MineSweepers-Major-Group-Project/frontend/src/components/SignUp/SignUpStyle.js">
        <metrics statements="2" coveredstatements="2" conditionals="0" coveredconditionals="0" methods="0" coveredmethods="0"/>
        <line num="4" count="1" type="stmt"/>
        <line num="12" count="1" type="stmt"/>
      </file>
    </package>
    <package name="src.components.context">
      <metrics statements="7" coveredstatements="2" conditionals="0" coveredconditionals="0" methods="2" coveredmethods="0"/>
      <file name="AuthProvider.js" path="/Users/mikolajdeja/Coding/Projects/PycharmProjects/MineSweepers-Major-Group-Project/frontend/src/components/context/AuthProvider.js">
        <metrics statements="7" coveredstatements="2" conditionals="0" coveredconditionals="0" methods="2" coveredmethods="0"/>
        <line num="3" count="1" type="stmt"/>
        <line num="5" count="1" type="stmt"/>
        <line num="6" count="0" type="stmt"/>
        <line num="8" count="0" type="stmt"/>
        <line num="9" count="0" type="stmt"/>
        <line num="10" count="0" type="stmt"/>
        <line num="13" count="0" type="stmt"/>
      </file>
    </package>
    <package name="src.components.hooks">
      <metrics statements="2" coveredstatements="2" conditionals="0" coveredconditionals="0" methods="1" coveredmethods="1"/>
      <file name="useAuth.js" path="/Users/mikolajdeja/Coding/Projects/PycharmProjects/MineSweepers-Major-Group-Project/frontend/src/components/hooks/useAuth.js">
        <metrics statements="2" coveredstatements="2" conditionals="0" coveredconditionals="0" methods="1" coveredmethods="1"/>
        <line num="6" count="1" type="stmt"/>
        <line num="7" count="76" type="stmt"/>
      </file>
    </package>
  </project>
</coverage>
