TN:
SF:src/axios.js
FN:28,(anonymous_0)
FN:31,(anonymous_1)
FN:73,(anonymous_2)
FN:84,(anonymous_3)
FNF:4
FNH:1
FNDA:0,(anonymous_0)
FNDA:1,(anonymous_1)
FNDA:0,(anonymous_2)
FNDA:0,(anonymous_3)
DA:7,3
DA:9,3
DA:27,3
DA:29,0
DA:32,1
DA:35,1
DA:36,0
DA:41,0
DA:45,1
DA:49,0
DA:50,0
DA:53,1
DA:58,0
DA:60,0
DA:61,0
DA:64,0
DA:65,0
DA:70,0
DA:71,0
DA:74,0
DA:75,0
DA:77,0
DA:79,0
DA:82,0
DA:85,0
DA:88,0
DA:89,0
DA:92,0
DA:93,0
DA:98,1
LF:30
LH:8
BRDA:14,0,0,0
BRDA:14,0,1,3
BRDA:35,1,0,0
BRDA:35,1,1,1
BRDA:45,2,0,0
BRDA:45,2,1,1
BRDA:46,3,0,1
BRDA:46,3,1,0
BRDA:53,4,0,0
BRDA:53,4,1,1
BRDA:54,5,0,1
BRDA:54,5,1,0
BRDA:54,5,2,0
BRDA:60,6,0,0
BRDA:60,6,1,0
BRDA:70,7,0,0
BRDA:70,7,1,0
BRF:17
BRH:6
end_of_record
TN:
SF:src/components/CreateClub/CreateClub.js
FN:7,CreateClub
FN:18,(anonymous_1)
FN:25,(anonymous_2)
FN:36,(anonymous_3)
FNF:4
FNH:1
FNDA:4,CreateClub
FNDA:0,(anonymous_1)
FNDA:0,(anonymous_2)
FNDA:0,(anonymous_3)
DA:8,4
DA:9,3
DA:16,3
DA:18,3
DA:19,0
DA:25,3
DA:26,0
DA:27,0
DA:29,0
DA:37,0
DA:38,0
DA:39,0
DA:44,3
LF:13
LH:6
BRF:0
BRH:0
end_of_record
TN:
SF:src/components/CreateClub/CreateClubElements.js
FNF:0
FNH:0
DA:3,1
DA:12,1
DA:20,1
DA:27,1
DA:35,1
DA:43,1
LF:6
LH:6
BRF:0
BRH:0
end_of_record
TN:
SF:src/components/Login/Login.js
FN:12,SignIn
FN:26,(anonymous_1)
FN:30,(anonymous_2)
FN:34,(anonymous_3)
FN:42,(anonymous_4)
FN:85,(anonymous_5)
FN:98,(anonymous_6)
FNF:7
FNH:6
FNDA:76,SignIn
FNDA:3,(anonymous_1)
FNDA:39,(anonymous_2)
FNDA:2,(anonymous_3)
FNDA:0,(anonymous_4)
FNDA:14,(anonymous_5)
FNDA:22,(anonymous_6)
DA:13,76
DA:15,75
DA:16,75
DA:17,75
DA:19,75
DA:20,75
DA:22,75
DA:23,75
DA:24,75
DA:26,75
DA:27,3
DA:30,75
DA:31,39
DA:34,75
DA:35,2
DA:37,2
DA:43,0
DA:44,0
DA:45,0
DA:46,0
DA:47,0
DA:48,0
DA:50,0
DA:51,0
DA:52,0
DA:53,0
DA:54,0
DA:55,0
DA:56,0
DA:60,75
DA:85,14
DA:98,22
LF:32
LH:19
BRDA:17,0,0,75
BRDA:17,0,1,75
BRDA:70,1,0,0
BRDA:70,1,1,75
BRF:4
BRH:3
end_of_record
TN:
SF:src/components/Login/LoginElements.js
FNF:0
FNH:0
DA:4,1
DA:12,1
DA:19,1
DA:27,1
LF:4
LH:4
BRF:0
BRH:0
end_of_record
TN:
SF:src/components/SignUp/SignUp.js
FN:9,SignUp
FN:26,(anonymous_1)
FN:33,(anonymous_2)
FN:50,(anonymous_3)
FNF:4
FNH:3
FNDA:76,SignUp
FNDA:74,(anonymous_1)
FNDA:1,(anonymous_2)
FNDA:0,(anonymous_3)
DA:11,76
DA:13,76
DA:24,76
DA:26,76
DA:27,74
DA:33,76
DA:34,1
DA:35,1
DA:37,1
DA:51,0
DA:52,0
DA:53,0
DA:59,76
LF:13
LH:10
BRF:0
BRH:0
end_of_record
TN:
SF:src/components/SignUp/SignUpStyle.js
FNF:0
FNH:0
DA:4,1
DA:12,1
LF:2
LH:2
BRF:0
BRH:0
end_of_record
TN:
SF:src/components/context/AuthProvider.js
FN:5,(anonymous_0)
FN:8,(anonymous_1)
FNF:2
FNH:0
FNDA:0,(anonymous_0)
FNDA:0,(anonymous_1)
DA:3,1
DA:5,1
DA:6,0
DA:8,0
DA:9,0
DA:10,0
DA:13,0
LF:7
LH:2
BRF:0
BRH:0
end_of_record
TN:
SF:src/components/hooks/useAuth.js
FN:6,(anonymous_0)
FNF:1
FNH:1
FNDA:76,(anonymous_0)
DA:6,1
DA:7,76
LF:2
LH:2
BRF:0
BRH:0
end_of_record
